<?xml version="1.0" encoding="UTF-8"?>
<testng-results skipped="1" failed="0" ignored="0" total="2" passed="1">
  <reporter-output>
  </reporter-output>
  <suite name="Suite" duration-ms="9990" started-at="2021-01-28T22:33:17 IST" finished-at="2021-01-28T22:33:27 IST">
    <groups>
    </groups>
    <test name="Test" duration-ms="9990" started-at="2021-01-28T22:33:17 IST" finished-at="2021-01-28T22:33:27 IST">
      <class name="generateReport.SampleReport">
        <test-method status="PASS" signature="setUp()[pri:0, instance:generateReport.SampleReport@3c22fc4c]" name="setUp" is-config="true" duration-ms="4710" started-at="2021-01-28T22:33:17 IST" finished-at="2021-01-28T22:33:21 IST">
          <reporter-output>
          </reporter-output>
        </test-method> <!-- setUp -->
        <test-method status="PASS" signature="loginTest()[pri:0, instance:generateReport.SampleReport@3c22fc4c]" name="loginTest" duration-ms="3673" started-at="2021-01-28T22:33:21 IST" finished-at="2021-01-28T22:33:25 IST">
          <reporter-output>
          </reporter-output>
        </test-method> <!-- loginTest -->
        <test-method status="SKIP" signature="logoutTest()[pri:0, instance:generateReport.SampleReport@3c22fc4c]" name="logoutTest" duration-ms="12" started-at="2021-01-28T22:33:25 IST" finished-at="2021-01-28T22:33:25 IST">
          <exception class="org.testng.SkipException">
            <message>
              <![CDATA[logoutTest is skipped]]>
            </message>
            <full-stacktrace>
              <![CDATA[org.testng.SkipException: logoutTest is skipped
at generateReport.SampleReport.logoutTest(SampleReport.java:47)
at sun.reflect.NativeMethodAccessorImpl.invoke0(Native Method)
at sun.reflect.NativeMethodAccessorImpl.invoke(Unknown Source)
at sun.reflect.DelegatingMethodAccessorImpl.invoke(Unknown Source)
at java.lang.reflect.Method.invoke(Unknown Source)
at org.testng.internal.MethodInvocationHelper.invokeMethod(MethodInvocationHelper.java:132)
at org.testng.internal.TestInvoker.invokeMethod(TestInvoker.java:599)
at org.testng.internal.TestInvoker.invokeTestMethod(TestInvoker.java:174)
at org.testng.internal.MethodRunner.runInSequence(MethodRunner.java:46)
at org.testng.internal.TestInvoker$MethodInvocationAgent.invoke(TestInvoker.java:822)
at org.testng.internal.TestInvoker.invokeTestMethods(TestInvoker.java:147)
at org.testng.internal.TestMethodWorker.invokeTestMethods(TestMethodWorker.java:146)
at org.testng.internal.TestMethodWorker.run(TestMethodWorker.java:128)
at java.util.ArrayList.forEach(Unknown Source)
at org.testng.TestRunner.privateRun(TestRunner.java:764)
at org.testng.TestRunner.run(TestRunner.java:585)
at org.testng.SuiteRunner.runTest(SuiteRunner.java:384)
at org.testng.SuiteRunner.runSequentially(SuiteRunner.java:378)
at org.testng.SuiteRunner.privateRun(SuiteRunner.java:337)
at org.testng.SuiteRunner.run(SuiteRunner.java:286)
at org.testng.SuiteRunnerWorker.runSuite(SuiteRunnerWorker.java:53)
at org.testng.SuiteRunnerWorker.run(SuiteRunnerWorker.java:96)
at org.testng.TestNG.runSuitesSequentially(TestNG.java:1218)
at org.testng.TestNG.runSuitesLocally(TestNG.java:1140)
at org.testng.TestNG.runSuites(TestNG.java:1069)
at org.testng.TestNG.run(TestNG.java:1037)
at org.testng.remote.AbstractRemoteTestNG.run(AbstractRemoteTestNG.java:115)
at org.testng.remote.RemoteTestNG.initAndRun(RemoteTestNG.java:251)
at org.testng.remote.RemoteTestNG.main(RemoteTestNG.java:77)
]]>
            </full-stacktrace>
          </exception> <!-- org.testng.SkipException -->
          <reporter-output>
          </reporter-output>
        </test-method> <!-- logoutTest -->
        <test-method status="PASS" signature="tearDown()[pri:0, instance:generateReport.SampleReport@3c22fc4c]" name="tearDown" is-config="true" duration-ms="1166" started-at="2021-01-28T22:33:25 IST" finished-at="2021-01-28T22:33:27 IST">
          <reporter-output>
          </reporter-output>
        </test-method> <!-- tearDown -->
      </class> <!-- generateReport.SampleReport -->
    </test> <!-- Test -->
  </suite> <!-- Suite -->
</testng-results>
